-------------------------------------------------------------------------------
Test set: eu.qped.java.checkers.metrics.settings.MetricSettingsReaderTest
-------------------------------------------------------------------------------
Tests run: 7, Failures: 5, Errors: 0, Skipped: 0, Time elapsed: 0.047 s <<< FAILURE! - in eu.qped.java.checkers.metrics.settings.MetricSettingsReaderTest
eu.qped.java.checkers.metrics.settings.MetricSettingsReaderTest.retrieveMetricMaximumWrongFormatTest  Time elapsed: 0.013 s  <<< FAILURE!
org.opentest4j.AssertionFailedError: expected: <1.7976931348623157E308> but was: <-1.0>
	at eu.qped.java.checkers.metrics.settings.MetricSettingsReaderTest.retrieveMetricMaximumWrongFormatTest(MetricSettingsReaderTest.java:146)

eu.qped.java.checkers.metrics.settings.MetricSettingsReaderTest.retrieveMetricMinimumWrongFormatTest  Time elapsed: 0.003 s  <<< FAILURE!
org.opentest4j.AssertionFailedError: expected: <0.0> but was: <-1.0>
	at eu.qped.java.checkers.metrics.settings.MetricSettingsReaderTest.retrieveMetricMinimumWrongFormatTest(MetricSettingsReaderTest.java:160)

eu.qped.java.checkers.metrics.settings.MetricSettingsReaderTest.retrieveMetricUpperBoundGivenTest  Time elapsed: 0.002 s  <<< FAILURE!
org.opentest4j.AssertionFailedError: expected: <0.0> but was: <-1.0>
	at eu.qped.java.checkers.metrics.settings.MetricSettingsReaderTest.retrieveMetricUpperBoundGivenTest(MetricSettingsReaderTest.java:100)

eu.qped.java.checkers.metrics.settings.MetricSettingsReaderTest.retrieveMetricLowerBoundGivenTest  Time elapsed: 0.002 s  <<< FAILURE!
org.opentest4j.AssertionFailedError: expected: <2.0> but was: <-1.0>
	at eu.qped.java.checkers.metrics.settings.MetricSettingsReaderTest.retrieveMetricLowerBoundGivenTest(MetricSettingsReaderTest.java:115)

eu.qped.java.checkers.metrics.settings.MetricSettingsReaderTest.retrieveMetricNoBoundGivenTest  Time elapsed: 0.002 s  <<< FAILURE!
org.opentest4j.AssertionFailedError: expected: <0.0> but was: <-1.0>
	at eu.qped.java.checkers.metrics.settings.MetricSettingsReaderTest.retrieveMetricNoBoundGivenTest(MetricSettingsReaderTest.java:130)

