<?xml version="1.0" encoding="UTF-8"?>
<testsuite xmlns:xsi="http://www.w3.org/2001/XMLSchema-instance" xsi:noNamespaceSchemaLocation="https://maven.apache.org/surefire/maven-surefire-plugin/xsd/surefire-test-report-3.0.xsd" version="3.0" name="eu.qped.java.syntax.MassSyntaxTest" time="1.05" tests="3" errors="0" skipped="0" failures="0">
  <properties>
[...]
</properties>
  <testcase name="testMethodMissingSemicolon" classname="eu.qped.java.syntax.MassSyntaxTest" time="0.324">
    <system-err><![CDATA[[parsing started SimpleFileObject[C:\Users\steff\Documents\QPED-O3\TestClass.java]]
[parsing completed 10ms]
[loading /modules/jdk.jcmd/module-info.class]
[loading /modules/jdk.jsobject/module-info.class]
[loading /modules/jdk.naming.ldap/module-info.class]
[loading /modules/jdk.xml.dom/module-info.class]
[loading /modules/jdk.javadoc/module-info.class]
[loading /modules/java.rmi/module-info.class]
[loading /modules/jdk.compiler/module-info.class]
[loading /modules/java.security.jgss/module-info.class]
[loading /modules/jdk.internal.opt/module-info.class]
[loading /modules/java.sql.rowset/module-info.class]
[loading /modules/java.xml.crypto/module-info.class]
[loading /modules/jdk.scripting.nashorn/module-info.class]
[loading /modules/jdk.jdwp.agent/module-info.class]
[loading /modules/jdk.crypto.cryptoki/module-info.class]
[loading /modules/jdk.internal.vm.compiler.management/module-info.class]
[loading /modules/java.management/module-info.class]
[loading /modules/jdk.jdi/module-info.class]
[loading /modules/java.prefs/module-info.class]
[loading /modules/jdk.jlink/module-info.class]
[loading /modules/jdk.jconsole/module-info.class]
[loading /modules/jdk.internal.jvmstat/module-info.class]
[loading /modules/jdk.jartool/module-info.class]
[loading /modules/java.management.rmi/module-info.class]
[loading /modules/java.smartcardio/module-info.class]
[loading /modules/jdk.naming.rmi/module-info.class]
[loading /modules/java.security.sasl/module-info.class]
[loading /modules/java.datatransfer/module-info.class]
[loading /modules/jdk.internal.le/module-info.class]
[loading /modules/jdk.editpad/module-info.class]
[loading /modules/jdk.management/module-info.class]
[loading /modules/java.net.http/module-info.class]
[loading /modules/jdk.net/module-info.class]
[loading /modules/jdk.crypto.ec/module-info.class]
[loading /modules/jdk.management.agent/module-info.class]
[loading /modules/jdk.security.auth/module-info.class]
[loading /modules/jdk.zipfs/module-info.class]
[loading /modules/jdk.security.jgss/module-info.class]
[loading /modules/java.transaction.xa/module-info.class]
[loading /modules/jdk.naming.dns/module-info.class]
[loading /modules/jdk.jstatd/module-info.class]
[loading /modules/jdk.httpserver/module-info.class]
[loading /modules/jdk.unsupported.desktop/module-info.class]
[loading /modules/java.instrument/module-info.class]
[loading /modules/jdk.jdeps/module-info.class]
[loading /modules/jdk.management.jfr/module-info.class]
[loading /modules/jdk.scripting.nashorn.shell/module-info.class]
[loading /modules/jdk.charsets/module-info.class]
[loading /modules/jdk.pack/module-info.class]
[loading /modules/jdk.unsupported/module-info.class]
[loading /modules/jdk.internal.vm.ci/module-info.class]
[loading /modules/jdk.hotspot.agent/module-info.class]
[loading /modules/jdk.sctp/module-info.class]
[loading /modules/jdk.jshell/module-info.class]
[loading /modules/jdk.jfr/module-info.class]
[loading /modules/java.sql/module-info.class]
[loading /modules/jdk.aot/module-info.class]
[loading /modules/jdk.localedata/module-info.class]
[loading /modules/java.naming/module-info.class]
[loading /modules/java.base/module-info.class]
[loading /modules/java.se/module-info.class]
[loading /modules/java.logging/module-info.class]
[loading /modules/java.scripting/module-info.class]
[loading /modules/java.xml/module-info.class]
[loading /modules/java.desktop/module-info.class]
[loading /modules/jdk.crypto.mscapi/module-info.class]
[loading /modules/jdk.internal.ed/module-info.class]
[loading /modules/jdk.rmic/module-info.class]
[loading /modules/jdk.attach/module-info.class]
[loading /modules/jdk.dynalink/module-info.class]
[loading /modules/jdk.accessibility/module-info.class]
[loading /modules/java.compiler/module-info.class]
[loading /modules/jdk.internal.vm.compiler/module-info.class]
[loading /modules/java.base/java/lang/Deprecated.class]
[loading /modules/java.base/java/lang/annotation/Retention.class]
[loading /modules/java.base/java/lang/annotation/RetentionPolicy.class]
[loading /modules/java.base/java/lang/annotation/Target.class]
[loading /modules/java.base/java/lang/annotation/ElementType.class]
[total 46ms]
]]></system-err>
  </testcase>
  <testcase name="testClassNoError" classname="eu.qped.java.syntax.MassSyntaxTest" time="0.402">
    <system-err><![CDATA[[parsing started SimpleFileObject[C:\Users\steff\Documents\QPED-O3\src\main\resources\exam-results\src\Simple.java]]
[parsing completed 0ms]
[loading /modules/jdk.rmic/module-info.class]
[loading /modules/jdk.jfr/module-info.class]
[loading /modules/jdk.unsupported.desktop/module-info.class]
[loading /modules/jdk.net/module-info.class]
[loading /modules/jdk.javadoc/module-info.class]
[loading /modules/jdk.compiler/module-info.class]
[loading /modules/java.scripting/module-info.class]
[loading /modules/jdk.management/module-info.class]
[loading /modules/jdk.internal.vm.compiler/module-info.class]
[loading /modules/jdk.accessibility/module-info.class]
[loading /modules/jdk.xml.dom/module-info.class]
[loading /modules/jdk.aot/module-info.class]
[loading /modules/java.compiler/module-info.class]
[loading /modules/jdk.security.auth/module-info.class]
[loading /modules/jdk.jdeps/module-info.class]
[loading /modules/jdk.scripting.nashorn.shell/module-info.class]
[loading /modules/jdk.jstatd/module-info.class]
[loading /modules/java.base/module-info.class]
[loading /modules/jdk.naming.dns/module-info.class]
[loading /modules/jdk.jlink/module-info.class]
[loading /modules/jdk.httpserver/module-info.class]
[loading /modules/jdk.attach/module-info.class]
[loading /modules/java.logging/module-info.class]
[loading /modules/jdk.crypto.mscapi/module-info.class]
[loading /modules/java.management.rmi/module-info.class]
[loading /modules/jdk.internal.jvmstat/module-info.class]
[loading /modules/java.xml/module-info.class]
[loading /modules/jdk.jsobject/module-info.class]
[loading /modules/java.sql/module-info.class]
[loading /modules/jdk.internal.ed/module-info.class]
[loading /modules/jdk.localedata/module-info.class]
[loading /modules/jdk.dynalink/module-info.class]
[loading /modules/java.smartcardio/module-info.class]
[loading /modules/java.datatransfer/module-info.class]
[loading /modules/java.security.jgss/module-info.class]
[loading /modules/java.sql.rowset/module-info.class]
[loading /modules/java.se/module-info.class]
[loading /modules/jdk.internal.le/module-info.class]
[loading /modules/jdk.sctp/module-info.class]
[loading /modules/jdk.management.jfr/module-info.class]
[loading /modules/jdk.naming.ldap/module-info.class]
[loading /modules/jdk.pack/module-info.class]
[loading /modules/java.instrument/module-info.class]
[loading /modules/jdk.editpad/module-info.class]
[loading /modules/java.rmi/module-info.class]
[loading /modules/jdk.crypto.ec/module-info.class]
[loading /modules/java.transaction.xa/module-info.class]
[loading /modules/jdk.jdi/module-info.class]
[loading /modules/jdk.naming.rmi/module-info.class]
[loading /modules/jdk.jshell/module-info.class]
[loading /modules/jdk.internal.vm.compiler.management/module-info.class]
[loading /modules/java.prefs/module-info.class]
[loading /modules/jdk.scripting.nashorn/module-info.class]
[loading /modules/jdk.internal.opt/module-info.class]
[loading /modules/jdk.hotspot.agent/module-info.class]
[loading /modules/jdk.management.agent/module-info.class]
[loading /modules/jdk.internal.vm.ci/module-info.class]
[loading /modules/jdk.jconsole/module-info.class]
[loading /modules/jdk.jdwp.agent/module-info.class]
[loading /modules/java.security.sasl/module-info.class]
[loading /modules/java.management/module-info.class]
[loading /modules/jdk.crypto.cryptoki/module-info.class]
[loading /modules/java.naming/module-info.class]
[loading /modules/jdk.security.jgss/module-info.class]
[loading /modules/jdk.zipfs/module-info.class]
[loading /modules/jdk.unsupported/module-info.class]
[loading /modules/java.xml.crypto/module-info.class]
[loading /modules/jdk.jartool/module-info.class]
[loading /modules/jdk.jcmd/module-info.class]
[loading /modules/java.desktop/module-info.class]
[loading /modules/jdk.charsets/module-info.class]
[loading /modules/java.net.http/module-info.class]
[search path for source files: C:\Users\steff\Documents\QPED-O3\target\test-classes,C:\Users\steff\Documents\QPED-O3\target\classes,C:\Users\steff\.m2\repository\net\sourceforge\pmd\pmd-java\6.43.0\pmd-java-6.43.0.jar,C:\Users\steff\.m2\repository\net\sourceforge\saxon\saxon\9.1.0.8\saxon-9.1.0.8.jar,C:\Users\steff\.m2\repository\org\ow2\asm\asm\9.2\asm-9.2.jar,C:\Users\steff\.m2\repository\org\apache\commons\commons-lang3\3.8.1\commons-lang3-3.8.1.jar,C:\Users\steff\.m2\repository\net\steppschuh\markdowngenerator\markdowngenerator\1.3.1.1\markdowngenerator-1.3.1.1.jar,C:\Users\steff\.m2\repository\gr\spinellis\ckjm\ckjm_ext\2.4\ckjm_ext-2.4.jar,C:\Users\steff\.m2\repository\org\apache\bcel\bcel\6.5.0\bcel-6.5.0.jar,C:\Users\steff\.m2\repository\org\apache\ant\ant\1.10.11\ant-1.10.11.jar,C:\Users\steff\.m2\repository\org\apache\ant\ant-launcher\1.10.11\ant-launcher-1.10.11.jar,C:\Users\steff\.m2\repository\org\apache\commons\commons-math3\3.6.1\commons-math3-3.6.1.jar,C:\Users\steff\.m2\repository\org\mockito\mockito-core\4.5.1\mockito-core-4.5.1.jar,C:\Users\steff\.m2\repository\net\bytebuddy\byte-buddy\1.12.9\byte-buddy-1.12.9.jar,C:\Users\steff\.m2\repository\net\bytebuddy\byte-buddy-agent\1.12.9\byte-buddy-agent-1.12.9.jar,C:\Users\steff\.m2\repository\org\objenesis\objenesis\3.2\objenesis-3.2.jar,C:\Users\steff\.m2\repository\org\assertj\assertj-core\3.23.1\assertj-core-3.23.1.jar,C:\Users\steff\.m2\repository\org\mockito\mockito-junit-jupiter\4.5.1\mockito-junit-jupiter-4.5.1.jar,C:\Users\steff\.m2\repository\org\projectlombok\lombok\1.18.22\lombok-1.18.22.jar,C:\Users\steff\.m2\repository\com\fasterxml\jackson\core\jackson-core\2.13.2\jackson-core-2.13.2.jar,C:\Users\steff\.m2\repository\com\fasterxml\jackson\core\jackson-databind\2.13.2\jackson-databind-2.13.2.jar,C:\Users\steff\.m2\repository\com\fasterxml\jackson\core\jackson-annotations\2.13.2\jackson-annotations-2.13.2.jar,C:\Users\steff\.m2\repository\com\fasterxml\jackson\dataformat\jackson-dataformat-yaml\2.13.0\jackson-dataformat-yaml-2.13.0.jar,C:\Users\steff\.m2\repository\org\yaml\snakeyaml\1.28\snakeyaml-1.28.jar,C:\Users\steff\.m2\repository\commons-io\commons-io\2.11.0\commons-io-2.11.0.jar,C:\Users\steff\.m2\repository\net\sourceforge\pmd\pmd-cpp\6.43.0\pmd-cpp-6.43.0.jar,C:\Users\steff\.m2\repository\net\sourceforge\pmd\pmd-core\6.43.0\pmd-core-6.43.0.jar,C:\Users\steff\.m2\repository\org\antlr\antlr4-runtime\4.7.2\antlr4-runtime-4.7.2.jar,C:\Users\steff\.m2\repository\com\beust\jcommander\1.48\jcommander-1.48.jar,C:\Users\steff\.m2\repository\com\google\code\gson\gson\2.8.9\gson-2.8.9.jar,C:\Users\steff\.m2\repository\net\sourceforge\saxon\saxon\9.1.0.8\saxon-9.1.0.8-dom.jar,C:\Users\steff\.m2\repository\net\sourceforge\pmd\pmd-test\6.43.0\pmd-test-6.43.0.jar,C:\Users\steff\.m2\repository\org\hamcrest\hamcrest\2.2\hamcrest-2.2.jar,C:\Users\steff\.m2\repository\junit\junit\4.13.1\junit-4.13.1.jar,C:\Users\steff\.m2\repository\org\apache\ant\ant-testutil\1.10.12\ant-testutil-1.10.12.jar,C:\Users\steff\.m2\repository\com\github\stefanbirkner\system-rules\1.19.0\system-rules-1.19.0.jar,C:\Users\steff\.m2\repository\org\junit\jupiter\junit-jupiter-api\5.8.2\junit-jupiter-api-5.8.2.jar,C:\Users\steff\.m2\repository\org\opentest4j\opentest4j\1.2.0\opentest4j-1.2.0.jar,C:\Users\steff\.m2\repository\org\junit\platform\junit-platform-commons\1.8.2\junit-platform-commons-1.8.2.jar,C:\Users\steff\.m2\repository\org\apiguardian\apiguardian-api\1.1.2\apiguardian-api-1.1.2.jar,C:\Users\steff\.m2\repository\org\junit\jupiter\junit-jupiter-params\5.8.2\junit-jupiter-params-5.8.2.jar,C:\Users\steff\.m2\repository\org\junit\jupiter\junit-jupiter-engine\5.8.2\junit-jupiter-engine-5.8.2.jar,C:\Users\steff\.m2\repository\org\junit\platform\junit-platform-engine\1.8.2\junit-platform-engine-1.8.2.jar,C:\Users\steff\.m2\repository\org\junit\platform\junit-platform-suite-api\1.8.1\junit-platform-suite-api-1.8.1.jar,C:\Users\steff\.m2\repository\org\junit\platform\junit-platform-suite-engine\1.8.1\junit-platform-suite-engine-1.8.1.jar,C:\Users\steff\.m2\repository\org\junit\platform\junit-platform-suite-commons\1.8.1\junit-platform-suite-commons-1.8.1.jar,C:\Users\steff\.m2\repository\com\github\javaparser\javaparser-core\3.24.0\javaparser-core-3.24.0.jar,C:\Users\steff\.m2\repository\org\apache\logging\log4j\log4j-api\2.17.2\log4j-api-2.17.2.jar,C:\Users\steff\.m2\repository\org\apache\logging\log4j\log4j-core\2.17.2\log4j-core-2.17.2.jar,C:\Users\steff\.m2\repository\com\github\fslev\json-compare\2.41\json-compare-2.41.jar,C:\Users\steff\.m2\repository\com\jayway\jsonpath\json-path\2.7.0\json-path-2.7.0.jar,C:\Users\steff\.m2\repository\net\minidev\json-smart\2.4.7\json-smart-2.4.7.jar,C:\Users\steff\.m2\repository\net\minidev\accessors-smart\2.4.7\accessors-smart-2.4.7.jar,C:\Users\steff\.m2\repository\org\slf4j\slf4j-api\1.7.33\slf4j-api-1.7.33.jar,C:\Users\steff\.m2\repository\net\lingala\zip4j\zip4j\2.6.4\zip4j-2.6.4.jar,C:\Users\steff\.m2\repository\org\junit\platform\junit-platform-launcher\1.8.2\junit-platform-launcher-1.8.2.jar,C:\Users\steff\.m2\repository\org\jacoco\org.jacoco.core\0.8.7\org.jacoco.core-0.8.7.jar,C:\Users\steff\.m2\repository\org\ow2\asm\asm-commons\9.1\asm-commons-9.1.jar,C:\Users\steff\.m2\repository\org\ow2\asm\asm-analysis\9.1\asm-analysis-9.1.jar,C:\Users\steff\.m2\repository\org\ow2\asm\asm-tree\9.1\asm-tree-9.1.jar,C:\Users\steff\.m2\repository\org\apache\velocity\velocity\1.6.2\velocity-1.6.2.jar,C:\Users\steff\.m2\repository\commons-collections\commons-collections\3.2.1\commons-collections-3.2.1.jar,C:\Users\steff\.m2\repository\commons-lang\commons-lang\2.4\commons-lang-2.4.jar,C:\Users\steff\.m2\repository\oro\oro\2.0.8\oro-2.0.8.jar,C:\Users\steff\.m2\repository\org\jetbrains\annotations\23.0.0\annotations-23.0.0.jar,.]
[search path for class files: C:\Users\steff\.jdks\corretto-11.0.11\lib\modules,C:\Users\steff\Documents\QPED-O3\target\test-classes,C:\Users\steff\Documents\QPED-O3\target\classes,C:\Users\steff\.m2\repository\net\sourceforge\pmd\pmd-java\6.43.0\pmd-java-6.43.0.jar,C:\Users\steff\.m2\repository\net\sourceforge\saxon\saxon\9.1.0.8\saxon-9.1.0.8.jar,C:\Users\steff\.m2\repository\org\ow2\asm\asm\9.2\asm-9.2.jar,C:\Users\steff\.m2\repository\org\apache\commons\commons-lang3\3.8.1\commons-lang3-3.8.1.jar,C:\Users\steff\.m2\repository\net\steppschuh\markdowngenerator\markdowngenerator\1.3.1.1\markdowngenerator-1.3.1.1.jar,C:\Users\steff\.m2\repository\gr\spinellis\ckjm\ckjm_ext\2.4\ckjm_ext-2.4.jar,C:\Users\steff\.m2\repository\org\apache\bcel\bcel\6.5.0\bcel-6.5.0.jar,C:\Users\steff\.m2\repository\org\apache\ant\ant\1.10.11\ant-1.10.11.jar,C:\Users\steff\.m2\repository\org\apache\ant\ant-launcher\1.10.11\ant-launcher-1.10.11.jar,C:\Users\steff\.m2\repository\org\apache\commons\commons-math3\3.6.1\commons-math3-3.6.1.jar,C:\Users\steff\.m2\repository\org\mockito\mockito-core\4.5.1\mockito-core-4.5.1.jar,C:\Users\steff\.m2\repository\net\bytebuddy\byte-buddy\1.12.9\byte-buddy-1.12.9.jar,C:\Users\steff\.m2\repository\net\bytebuddy\byte-buddy-agent\1.12.9\byte-buddy-agent-1.12.9.jar,C:\Users\steff\.m2\repository\org\objenesis\objenesis\3.2\objenesis-3.2.jar,C:\Users\steff\.m2\repository\org\assertj\assertj-core\3.23.1\assertj-core-3.23.1.jar,C:\Users\steff\.m2\repository\org\mockito\mockito-junit-jupiter\4.5.1\mockito-junit-jupiter-4.5.1.jar,C:\Users\steff\.m2\repository\org\projectlombok\lombok\1.18.22\lombok-1.18.22.jar,C:\Users\steff\.m2\repository\com\fasterxml\jackson\core\jackson-core\2.13.2\jackson-core-2.13.2.jar,C:\Users\steff\.m2\repository\com\fasterxml\jackson\core\jackson-databind\2.13.2\jackson-databind-2.13.2.jar,C:\Users\steff\.m2\repository\com\fasterxml\jackson\core\jackson-annotations\2.13.2\jackson-annotations-2.13.2.jar,C:\Users\steff\.m2\repository\com\fasterxml\jackson\dataformat\jackson-dataformat-yaml\2.13.0\jackson-dataformat-yaml-2.13.0.jar,C:\Users\steff\.m2\repository\org\yaml\snakeyaml\1.28\snakeyaml-1.28.jar,C:\Users\steff\.m2\repository\commons-io\commons-io\2.11.0\commons-io-2.11.0.jar,C:\Users\steff\.m2\repository\net\sourceforge\pmd\pmd-cpp\6.43.0\pmd-cpp-6.43.0.jar,C:\Users\steff\.m2\repository\net\sourceforge\pmd\pmd-core\6.43.0\pmd-core-6.43.0.jar,C:\Users\steff\.m2\repository\org\antlr\antlr4-runtime\4.7.2\antlr4-runtime-4.7.2.jar,C:\Users\steff\.m2\repository\com\beust\jcommander\1.48\jcommander-1.48.jar,C:\Users\steff\.m2\repository\com\google\code\gson\gson\2.8.9\gson-2.8.9.jar,C:\Users\steff\.m2\repository\net\sourceforge\saxon\saxon\9.1.0.8\saxon-9.1.0.8-dom.jar,C:\Users\steff\.m2\repository\net\sourceforge\pmd\pmd-test\6.43.0\pmd-test-6.43.0.jar,C:\Users\steff\.m2\repository\org\hamcrest\hamcrest\2.2\hamcrest-2.2.jar,C:\Users\steff\.m2\repository\junit\junit\4.13.1\junit-4.13.1.jar,C:\Users\steff\.m2\repository\org\apache\ant\ant-testutil\1.10.12\ant-testutil-1.10.12.jar,C:\Users\steff\.m2\repository\com\github\stefanbirkner\system-rules\1.19.0\system-rules-1.19.0.jar,C:\Users\steff\.m2\repository\org\junit\jupiter\junit-jupiter-api\5.8.2\junit-jupiter-api-5.8.2.jar,C:\Users\steff\.m2\repository\org\opentest4j\opentest4j\1.2.0\opentest4j-1.2.0.jar,C:\Users\steff\.m2\repository\org\junit\platform\junit-platform-commons\1.8.2\junit-platform-commons-1.8.2.jar,C:\Users\steff\.m2\repository\org\apiguardian\apiguardian-api\1.1.2\apiguardian-api-1.1.2.jar,C:\Users\steff\.m2\repository\org\junit\jupiter\junit-jupiter-params\5.8.2\junit-jupiter-params-5.8.2.jar,C:\Users\steff\.m2\repository\org\junit\jupiter\junit-jupiter-engine\5.8.2\junit-jupiter-engine-5.8.2.jar,C:\Users\steff\.m2\repository\org\junit\platform\junit-platform-engine\1.8.2\junit-platform-engine-1.8.2.jar,C:\Users\steff\.m2\repository\org\junit\platform\junit-platform-suite-api\1.8.1\junit-platform-suite-api-1.8.1.jar,C:\Users\steff\.m2\repository\org\junit\platform\junit-platform-suite-engine\1.8.1\junit-platform-suite-engine-1.8.1.jar,C:\Users\steff\.m2\repository\org\junit\platform\junit-platform-suite-commons\1.8.1\junit-platform-suite-commons-1.8.1.jar,C:\Users\steff\.m2\repository\com\github\javaparser\javaparser-core\3.24.0\javaparser-core-3.24.0.jar,C:\Users\steff\.m2\repository\org\apache\logging\log4j\log4j-api\2.17.2\log4j-api-2.17.2.jar,C:\Users\steff\.m2\repository\org\apache\logging\log4j\log4j-core\2.17.2\log4j-core-2.17.2.jar,C:\Users\steff\.m2\repository\com\github\fslev\json-compare\2.41\json-compare-2.41.jar,C:\Users\steff\.m2\repository\com\jayway\jsonpath\json-path\2.7.0\json-path-2.7.0.jar,C:\Users\steff\.m2\repository\net\minidev\json-smart\2.4.7\json-smart-2.4.7.jar,C:\Users\steff\.m2\repository\net\minidev\accessors-smart\2.4.7\accessors-smart-2.4.7.jar,C:\Users\steff\.m2\repository\org\slf4j\slf4j-api\1.7.33\slf4j-api-1.7.33.jar,C:\Users\steff\.m2\repository\net\lingala\zip4j\zip4j\2.6.4\zip4j-2.6.4.jar,C:\Users\steff\.m2\repository\org\junit\platform\junit-platform-launcher\1.8.2\junit-platform-launcher-1.8.2.jar,C:\Users\steff\.m2\repository\org\jacoco\org.jacoco.core\0.8.7\org.jacoco.core-0.8.7.jar,C:\Users\steff\.m2\repository\org\ow2\asm\asm-commons\9.1\asm-commons-9.1.jar,C:\Users\steff\.m2\repository\org\ow2\asm\asm-analysis\9.1\asm-analysis-9.1.jar,C:\Users\steff\.m2\repository\org\ow2\asm\asm-tree\9.1\asm-tree-9.1.jar,C:\Users\steff\.m2\repository\org\apache\velocity\velocity\1.6.2\velocity-1.6.2.jar,C:\Users\steff\.m2\repository\commons-collections\commons-collections\3.2.1\commons-collections-3.2.1.jar,C:\Users\steff\.m2\repository\commons-lang\commons-lang\2.4\commons-lang-2.4.jar,C:\Users\steff\.m2\repository\oro\oro\2.0.8\oro-2.0.8.jar,C:\Users\steff\.m2\repository\org\jetbrains\annotations\23.0.0\annotations-23.0.0.jar,.]
[loading /modules/java.base/java/lang/Object.class]
[loading /modules/java.base/java/lang/Deprecated.class]
[loading /modules/java.base/java/lang/annotation/Retention.class]
[loading /modules/java.base/java/lang/annotation/RetentionPolicy.class]
[loading /modules/java.base/java/lang/annotation/Target.class]
[loading /modules/java.base/java/lang/annotation/ElementType.class]
Round 1:
	input files: {Simple}
	annotations: []
	last round: false
Processor lombok.launch.AnnotationProcessorHider$AnnotationProcessor matches [] and returns false.
Round 2:
	input files: {}
	annotations: []
	last round: false
Processor lombok.launch.AnnotationProcessorHider$AnnotationProcessor matches [] and returns false.
Round 3:
	input files: {}
	annotations: []
	last round: false
Processor lombok.launch.AnnotationProcessorHider$AnnotationProcessor matches [] and returns false.
Round 4:
	input files: {}
	annotations: []
	last round: true
[checking Simple]
[loading /modules/java.base/java/io/Serializable.class]
[loading /modules/java.base/java/lang/AutoCloseable.class]
[wrote Simple.class]
[total 309ms]
]]></system-err>
  </testcase>
  <testcase name="testMethodNoError" classname="eu.qped.java.syntax.MassSyntaxTest" time="0.32">
    <system-err><![CDATA[[parsing started SimpleFileObject[C:\Users\steff\Documents\QPED-O3\TestClass.java]]
[parsing completed 0ms]
[loading /modules/jdk.jcmd/module-info.class]
[loading /modules/jdk.internal.ed/module-info.class]
[loading /modules/jdk.scripting.nashorn.shell/module-info.class]
[loading /modules/java.xml/module-info.class]
[loading /modules/jdk.scripting.nashorn/module-info.class]
[loading /modules/jdk.crypto.ec/module-info.class]
[loading /modules/java.scripting/module-info.class]
[loading /modules/java.transaction.xa/module-info.class]
[loading /modules/jdk.internal.vm.compiler.management/module-info.class]
[loading /modules/jdk.management.jfr/module-info.class]
[loading /modules/jdk.rmic/module-info.class]
[loading /modules/jdk.internal.opt/module-info.class]
[loading /modules/java.smartcardio/module-info.class]
[loading /modules/jdk.crypto.mscapi/module-info.class]
[loading /modules/jdk.internal.vm.ci/module-info.class]
[loading /modules/jdk.localedata/module-info.class]
[loading /modules/java.sql/module-info.class]
[loading /modules/jdk.crypto.cryptoki/module-info.class]
[loading /modules/java.net.http/module-info.class]
[loading /modules/jdk.unsupported/module-info.class]
[loading /modules/jdk.jstatd/module-info.class]
[loading /modules/java.management/module-info.class]
[loading /modules/jdk.naming.dns/module-info.class]
[loading /modules/java.logging/module-info.class]
[loading /modules/jdk.jconsole/module-info.class]
[loading /modules/jdk.dynalink/module-info.class]
[loading /modules/jdk.xml.dom/module-info.class]
[loading /modules/jdk.zipfs/module-info.class]
[loading /modules/jdk.hotspot.agent/module-info.class]
[loading /modules/java.instrument/module-info.class]
[loading /modules/java.rmi/module-info.class]
[loading /modules/jdk.jdeps/module-info.class]
[loading /modules/jdk.naming.rmi/module-info.class]
[loading /modules/java.sql.rowset/module-info.class]
[loading /modules/jdk.pack/module-info.class]
[loading /modules/java.se/module-info.class]
[loading /modules/jdk.compiler/module-info.class]
[loading /modules/jdk.unsupported.desktop/module-info.class]
[loading /modules/jdk.jartool/module-info.class]
[loading /modules/jdk.jlink/module-info.class]
[loading /modules/jdk.jdwp.agent/module-info.class]
[loading /modules/jdk.jsobject/module-info.class]
[loading /modules/jdk.internal.vm.compiler/module-info.class]
[loading /modules/jdk.management.agent/module-info.class]
[loading /modules/jdk.charsets/module-info.class]
[loading /modules/jdk.httpserver/module-info.class]
[loading /modules/jdk.internal.le/module-info.class]
[loading /modules/java.desktop/module-info.class]
[loading /modules/jdk.naming.ldap/module-info.class]
[loading /modules/jdk.javadoc/module-info.class]
[loading /modules/jdk.jshell/module-info.class]
[loading /modules/jdk.internal.jvmstat/module-info.class]
[loading /modules/jdk.net/module-info.class]
[loading /modules/jdk.management/module-info.class]
[loading /modules/java.management.rmi/module-info.class]
[loading /modules/jdk.attach/module-info.class]
[loading /modules/java.prefs/module-info.class]
[loading /modules/java.datatransfer/module-info.class]
[loading /modules/java.security.jgss/module-info.class]
[loading /modules/jdk.jfr/module-info.class]
[loading /modules/jdk.accessibility/module-info.class]
[loading /modules/java.security.sasl/module-info.class]
[loading /modules/jdk.security.auth/module-info.class]
[loading /modules/jdk.editpad/module-info.class]
[loading /modules/java.base/module-info.class]
[loading /modules/java.xml.crypto/module-info.class]
[loading /modules/java.naming/module-info.class]
[loading /modules/jdk.sctp/module-info.class]
[loading /modules/jdk.aot/module-info.class]
[loading /modules/java.compiler/module-info.class]
[loading /modules/jdk.security.jgss/module-info.class]
[loading /modules/jdk.jdi/module-info.class]
[search path for source files: C:\Users\steff\Documents\QPED-O3\target\test-classes,C:\Users\steff\Documents\QPED-O3\target\classes,C:\Users\steff\.m2\repository\net\sourceforge\pmd\pmd-java\6.43.0\pmd-java-6.43.0.jar,C:\Users\steff\.m2\repository\net\sourceforge\saxon\saxon\9.1.0.8\saxon-9.1.0.8.jar,C:\Users\steff\.m2\repository\org\ow2\asm\asm\9.2\asm-9.2.jar,C:\Users\steff\.m2\repository\org\apache\commons\commons-lang3\3.8.1\commons-lang3-3.8.1.jar,C:\Users\steff\.m2\repository\net\steppschuh\markdowngenerator\markdowngenerator\1.3.1.1\markdowngenerator-1.3.1.1.jar,C:\Users\steff\.m2\repository\gr\spinellis\ckjm\ckjm_ext\2.4\ckjm_ext-2.4.jar,C:\Users\steff\.m2\repository\org\apache\bcel\bcel\6.5.0\bcel-6.5.0.jar,C:\Users\steff\.m2\repository\org\apache\ant\ant\1.10.11\ant-1.10.11.jar,C:\Users\steff\.m2\repository\org\apache\ant\ant-launcher\1.10.11\ant-launcher-1.10.11.jar,C:\Users\steff\.m2\repository\org\apache\commons\commons-math3\3.6.1\commons-math3-3.6.1.jar,C:\Users\steff\.m2\repository\org\mockito\mockito-core\4.5.1\mockito-core-4.5.1.jar,C:\Users\steff\.m2\repository\net\bytebuddy\byte-buddy\1.12.9\byte-buddy-1.12.9.jar,C:\Users\steff\.m2\repository\net\bytebuddy\byte-buddy-agent\1.12.9\byte-buddy-agent-1.12.9.jar,C:\Users\steff\.m2\repository\org\objenesis\objenesis\3.2\objenesis-3.2.jar,C:\Users\steff\.m2\repository\org\assertj\assertj-core\3.23.1\assertj-core-3.23.1.jar,C:\Users\steff\.m2\repository\org\mockito\mockito-junit-jupiter\4.5.1\mockito-junit-jupiter-4.5.1.jar,C:\Users\steff\.m2\repository\org\projectlombok\lombok\1.18.22\lombok-1.18.22.jar,C:\Users\steff\.m2\repository\com\fasterxml\jackson\core\jackson-core\2.13.2\jackson-core-2.13.2.jar,C:\Users\steff\.m2\repository\com\fasterxml\jackson\core\jackson-databind\2.13.2\jackson-databind-2.13.2.jar,C:\Users\steff\.m2\repository\com\fasterxml\jackson\core\jackson-annotations\2.13.2\jackson-annotations-2.13.2.jar,C:\Users\steff\.m2\repository\com\fasterxml\jackson\dataformat\jackson-dataformat-yaml\2.13.0\jackson-dataformat-yaml-2.13.0.jar,C:\Users\steff\.m2\repository\org\yaml\snakeyaml\1.28\snakeyaml-1.28.jar,C:\Users\steff\.m2\repository\commons-io\commons-io\2.11.0\commons-io-2.11.0.jar,C:\Users\steff\.m2\repository\net\sourceforge\pmd\pmd-cpp\6.43.0\pmd-cpp-6.43.0.jar,C:\Users\steff\.m2\repository\net\sourceforge\pmd\pmd-core\6.43.0\pmd-core-6.43.0.jar,C:\Users\steff\.m2\repository\org\antlr\antlr4-runtime\4.7.2\antlr4-runtime-4.7.2.jar,C:\Users\steff\.m2\repository\com\beust\jcommander\1.48\jcommander-1.48.jar,C:\Users\steff\.m2\repository\com\google\code\gson\gson\2.8.9\gson-2.8.9.jar,C:\Users\steff\.m2\repository\net\sourceforge\saxon\saxon\9.1.0.8\saxon-9.1.0.8-dom.jar,C:\Users\steff\.m2\repository\net\sourceforge\pmd\pmd-test\6.43.0\pmd-test-6.43.0.jar,C:\Users\steff\.m2\repository\org\hamcrest\hamcrest\2.2\hamcrest-2.2.jar,C:\Users\steff\.m2\repository\junit\junit\4.13.1\junit-4.13.1.jar,C:\Users\steff\.m2\repository\org\apache\ant\ant-testutil\1.10.12\ant-testutil-1.10.12.jar,C:\Users\steff\.m2\repository\com\github\stefanbirkner\system-rules\1.19.0\system-rules-1.19.0.jar,C:\Users\steff\.m2\repository\org\junit\jupiter\junit-jupiter-api\5.8.2\junit-jupiter-api-5.8.2.jar,C:\Users\steff\.m2\repository\org\opentest4j\opentest4j\1.2.0\opentest4j-1.2.0.jar,C:\Users\steff\.m2\repository\org\junit\platform\junit-platform-commons\1.8.2\junit-platform-commons-1.8.2.jar,C:\Users\steff\.m2\repository\org\apiguardian\apiguardian-api\1.1.2\apiguardian-api-1.1.2.jar,C:\Users\steff\.m2\repository\org\junit\jupiter\junit-jupiter-params\5.8.2\junit-jupiter-params-5.8.2.jar,C:\Users\steff\.m2\repository\org\junit\jupiter\junit-jupiter-engine\5.8.2\junit-jupiter-engine-5.8.2.jar,C:\Users\steff\.m2\repository\org\junit\platform\junit-platform-engine\1.8.2\junit-platform-engine-1.8.2.jar,C:\Users\steff\.m2\repository\org\junit\platform\junit-platform-suite-api\1.8.1\junit-platform-suite-api-1.8.1.jar,C:\Users\steff\.m2\repository\org\junit\platform\junit-platform-suite-engine\1.8.1\junit-platform-suite-engine-1.8.1.jar,C:\Users\steff\.m2\repository\org\junit\platform\junit-platform-suite-commons\1.8.1\junit-platform-suite-commons-1.8.1.jar,C:\Users\steff\.m2\repository\com\github\javaparser\javaparser-core\3.24.0\javaparser-core-3.24.0.jar,C:\Users\steff\.m2\repository\org\apache\logging\log4j\log4j-api\2.17.2\log4j-api-2.17.2.jar,C:\Users\steff\.m2\repository\org\apache\logging\log4j\log4j-core\2.17.2\log4j-core-2.17.2.jar,C:\Users\steff\.m2\repository\com\github\fslev\json-compare\2.41\json-compare-2.41.jar,C:\Users\steff\.m2\repository\com\jayway\jsonpath\json-path\2.7.0\json-path-2.7.0.jar,C:\Users\steff\.m2\repository\net\minidev\json-smart\2.4.7\json-smart-2.4.7.jar,C:\Users\steff\.m2\repository\net\minidev\accessors-smart\2.4.7\accessors-smart-2.4.7.jar,C:\Users\steff\.m2\repository\org\slf4j\slf4j-api\1.7.33\slf4j-api-1.7.33.jar,C:\Users\steff\.m2\repository\net\lingala\zip4j\zip4j\2.6.4\zip4j-2.6.4.jar,C:\Users\steff\.m2\repository\org\junit\platform\junit-platform-launcher\1.8.2\junit-platform-launcher-1.8.2.jar,C:\Users\steff\.m2\repository\org\jacoco\org.jacoco.core\0.8.7\org.jacoco.core-0.8.7.jar,C:\Users\steff\.m2\repository\org\ow2\asm\asm-commons\9.1\asm-commons-9.1.jar,C:\Users\steff\.m2\repository\org\ow2\asm\asm-analysis\9.1\asm-analysis-9.1.jar,C:\Users\steff\.m2\repository\org\ow2\asm\asm-tree\9.1\asm-tree-9.1.jar,C:\Users\steff\.m2\repository\org\apache\velocity\velocity\1.6.2\velocity-1.6.2.jar,C:\Users\steff\.m2\repository\commons-collections\commons-collections\3.2.1\commons-collections-3.2.1.jar,C:\Users\steff\.m2\repository\commons-lang\commons-lang\2.4\commons-lang-2.4.jar,C:\Users\steff\.m2\repository\oro\oro\2.0.8\oro-2.0.8.jar,C:\Users\steff\.m2\repository\org\jetbrains\annotations\23.0.0\annotations-23.0.0.jar,.]
[search path for class files: C:\Users\steff\.jdks\corretto-11.0.11\lib\modules,C:\Users\steff\Documents\QPED-O3\target\test-classes,C:\Users\steff\Documents\QPED-O3\target\classes,C:\Users\steff\.m2\repository\net\sourceforge\pmd\pmd-java\6.43.0\pmd-java-6.43.0.jar,C:\Users\steff\.m2\repository\net\sourceforge\saxon\saxon\9.1.0.8\saxon-9.1.0.8.jar,C:\Users\steff\.m2\repository\org\ow2\asm\asm\9.2\asm-9.2.jar,C:\Users\steff\.m2\repository\org\apache\commons\commons-lang3\3.8.1\commons-lang3-3.8.1.jar,C:\Users\steff\.m2\repository\net\steppschuh\markdowngenerator\markdowngenerator\1.3.1.1\markdowngenerator-1.3.1.1.jar,C:\Users\steff\.m2\repository\gr\spinellis\ckjm\ckjm_ext\2.4\ckjm_ext-2.4.jar,C:\Users\steff\.m2\repository\org\apache\bcel\bcel\6.5.0\bcel-6.5.0.jar,C:\Users\steff\.m2\repository\org\apache\ant\ant\1.10.11\ant-1.10.11.jar,C:\Users\steff\.m2\repository\org\apache\ant\ant-launcher\1.10.11\ant-launcher-1.10.11.jar,C:\Users\steff\.m2\repository\org\apache\commons\commons-math3\3.6.1\commons-math3-3.6.1.jar,C:\Users\steff\.m2\repository\org\mockito\mockito-core\4.5.1\mockito-core-4.5.1.jar,C:\Users\steff\.m2\repository\net\bytebuddy\byte-buddy\1.12.9\byte-buddy-1.12.9.jar,C:\Users\steff\.m2\repository\net\bytebuddy\byte-buddy-agent\1.12.9\byte-buddy-agent-1.12.9.jar,C:\Users\steff\.m2\repository\org\objenesis\objenesis\3.2\objenesis-3.2.jar,C:\Users\steff\.m2\repository\org\assertj\assertj-core\3.23.1\assertj-core-3.23.1.jar,C:\Users\steff\.m2\repository\org\mockito\mockito-junit-jupiter\4.5.1\mockito-junit-jupiter-4.5.1.jar,C:\Users\steff\.m2\repository\org\projectlombok\lombok\1.18.22\lombok-1.18.22.jar,C:\Users\steff\.m2\repository\com\fasterxml\jackson\core\jackson-core\2.13.2\jackson-core-2.13.2.jar,C:\Users\steff\.m2\repository\com\fasterxml\jackson\core\jackson-databind\2.13.2\jackson-databind-2.13.2.jar,C:\Users\steff\.m2\repository\com\fasterxml\jackson\core\jackson-annotations\2.13.2\jackson-annotations-2.13.2.jar,C:\Users\steff\.m2\repository\com\fasterxml\jackson\dataformat\jackson-dataformat-yaml\2.13.0\jackson-dataformat-yaml-2.13.0.jar,C:\Users\steff\.m2\repository\org\yaml\snakeyaml\1.28\snakeyaml-1.28.jar,C:\Users\steff\.m2\repository\commons-io\commons-io\2.11.0\commons-io-2.11.0.jar,C:\Users\steff\.m2\repository\net\sourceforge\pmd\pmd-cpp\6.43.0\pmd-cpp-6.43.0.jar,C:\Users\steff\.m2\repository\net\sourceforge\pmd\pmd-core\6.43.0\pmd-core-6.43.0.jar,C:\Users\steff\.m2\repository\org\antlr\antlr4-runtime\4.7.2\antlr4-runtime-4.7.2.jar,C:\Users\steff\.m2\repository\com\beust\jcommander\1.48\jcommander-1.48.jar,C:\Users\steff\.m2\repository\com\google\code\gson\gson\2.8.9\gson-2.8.9.jar,C:\Users\steff\.m2\repository\net\sourceforge\saxon\saxon\9.1.0.8\saxon-9.1.0.8-dom.jar,C:\Users\steff\.m2\repository\net\sourceforge\pmd\pmd-test\6.43.0\pmd-test-6.43.0.jar,C:\Users\steff\.m2\repository\org\hamcrest\hamcrest\2.2\hamcrest-2.2.jar,C:\Users\steff\.m2\repository\junit\junit\4.13.1\junit-4.13.1.jar,C:\Users\steff\.m2\repository\org\apache\ant\ant-testutil\1.10.12\ant-testutil-1.10.12.jar,C:\Users\steff\.m2\repository\com\github\stefanbirkner\system-rules\1.19.0\system-rules-1.19.0.jar,C:\Users\steff\.m2\repository\org\junit\jupiter\junit-jupiter-api\5.8.2\junit-jupiter-api-5.8.2.jar,C:\Users\steff\.m2\repository\org\opentest4j\opentest4j\1.2.0\opentest4j-1.2.0.jar,C:\Users\steff\.m2\repository\org\junit\platform\junit-platform-commons\1.8.2\junit-platform-commons-1.8.2.jar,C:\Users\steff\.m2\repository\org\apiguardian\apiguardian-api\1.1.2\apiguardian-api-1.1.2.jar,C:\Users\steff\.m2\repository\org\junit\jupiter\junit-jupiter-params\5.8.2\junit-jupiter-params-5.8.2.jar,C:\Users\steff\.m2\repository\org\junit\jupiter\junit-jupiter-engine\5.8.2\junit-jupiter-engine-5.8.2.jar,C:\Users\steff\.m2\repository\org\junit\platform\junit-platform-engine\1.8.2\junit-platform-engine-1.8.2.jar,C:\Users\steff\.m2\repository\org\junit\platform\junit-platform-suite-api\1.8.1\junit-platform-suite-api-1.8.1.jar,C:\Users\steff\.m2\repository\org\junit\platform\junit-platform-suite-engine\1.8.1\junit-platform-suite-engine-1.8.1.jar,C:\Users\steff\.m2\repository\org\junit\platform\junit-platform-suite-commons\1.8.1\junit-platform-suite-commons-1.8.1.jar,C:\Users\steff\.m2\repository\com\github\javaparser\javaparser-core\3.24.0\javaparser-core-3.24.0.jar,C:\Users\steff\.m2\repository\org\apache\logging\log4j\log4j-api\2.17.2\log4j-api-2.17.2.jar,C:\Users\steff\.m2\repository\org\apache\logging\log4j\log4j-core\2.17.2\log4j-core-2.17.2.jar,C:\Users\steff\.m2\repository\com\github\fslev\json-compare\2.41\json-compare-2.41.jar,C:\Users\steff\.m2\repository\com\jayway\jsonpath\json-path\2.7.0\json-path-2.7.0.jar,C:\Users\steff\.m2\repository\net\minidev\json-smart\2.4.7\json-smart-2.4.7.jar,C:\Users\steff\.m2\repository\net\minidev\accessors-smart\2.4.7\accessors-smart-2.4.7.jar,C:\Users\steff\.m2\repository\org\slf4j\slf4j-api\1.7.33\slf4j-api-1.7.33.jar,C:\Users\steff\.m2\repository\net\lingala\zip4j\zip4j\2.6.4\zip4j-2.6.4.jar,C:\Users\steff\.m2\repository\org\junit\platform\junit-platform-launcher\1.8.2\junit-platform-launcher-1.8.2.jar,C:\Users\steff\.m2\repository\org\jacoco\org.jacoco.core\0.8.7\org.jacoco.core-0.8.7.jar,C:\Users\steff\.m2\repository\org\ow2\asm\asm-commons\9.1\asm-commons-9.1.jar,C:\Users\steff\.m2\repository\org\ow2\asm\asm-analysis\9.1\asm-analysis-9.1.jar,C:\Users\steff\.m2\repository\org\ow2\asm\asm-tree\9.1\asm-tree-9.1.jar,C:\Users\steff\.m2\repository\org\apache\velocity\velocity\1.6.2\velocity-1.6.2.jar,C:\Users\steff\.m2\repository\commons-collections\commons-collections\3.2.1\commons-collections-3.2.1.jar,C:\Users\steff\.m2\repository\commons-lang\commons-lang\2.4\commons-lang-2.4.jar,C:\Users\steff\.m2\repository\oro\oro\2.0.8\oro-2.0.8.jar,C:\Users\steff\.m2\repository\org\jetbrains\annotations\23.0.0\annotations-23.0.0.jar,.]
[loading /modules/java.base/java/lang/Object.class]
[loading /modules/java.base/java/lang/Deprecated.class]
[loading /modules/java.base/java/lang/annotation/Retention.class]
[loading /modules/java.base/java/lang/annotation/RetentionPolicy.class]
[loading /modules/java.base/java/lang/annotation/Target.class]
[loading /modules/java.base/java/lang/annotation/ElementType.class]
Round 1:
	input files: {TestClass}
	annotations: []
	last round: false
Processor lombok.launch.AnnotationProcessorHider$AnnotationProcessor matches [] and returns false.
Round 2:
	input files: {}
	annotations: []
	last round: false
Processor lombok.launch.AnnotationProcessorHider$AnnotationProcessor matches [] and returns false.
Round 3:
	input files: {}
	annotations: []
	last round: false
Processor lombok.launch.AnnotationProcessorHider$AnnotationProcessor matches [] and returns false.
Round 4:
	input files: {}
	annotations: []
	last round: true
[checking TestClass]
[loading /modules/java.base/java/io/Serializable.class]
[loading /modules/java.base/java/lang/AutoCloseable.class]
[loading /modules/java.base/java/lang/System.class]
[loading /modules/java.base/java/io/PrintStream.class]
[loading /modules/java.base/java/lang/Appendable.class]
[loading /modules/java.base/java/io/Closeable.class]
[loading /modules/java.base/java/io/FilterOutputStream.class]
[loading /modules/java.base/java/io/OutputStream.class]
[loading /modules/java.base/java/io/Flushable.class]
[loading /modules/java.base/java/lang/String.class]
[loading /modules/java.base/java/lang/Comparable.class]
[loading /modules/java.base/java/lang/CharSequence.class]
[wrote TestClass.class]
[total 201ms]
]]></system-err>
  </testcase>
</testsuite>